This file contains any messages produced by compilers while
running configure, to aid debugging if configure makes a mistake.

It was created by csmash configure 0.6.6, which was
generated by GNU Autoconf 2.57.  Invocation command line was

  $ ./configure --disable-sdltest

## --------- ##
## Platform. ##
## --------- ##

hostname = delilah
uname -m = i686
uname -r = 2.6.32-30-generic
uname -s = Linux
uname -v = #59-Ubuntu SMP Tue Mar 1 21:30:21 UTC 2011

/usr/bin/uname -p = unknown
/bin/uname -X     = unknown

/bin/arch              = unknown
/usr/bin/arch -k       = unknown
/usr/convex/getsysinfo = unknown
hostinfo               = unknown
/bin/machine           = unknown
/usr/bin/oslevel       = unknown
/bin/universe          = unknown

PATH: /usr/local/sbin
PATH: /usr/local/bin
PATH: /usr/sbin
PATH: /usr/bin
PATH: /sbin
PATH: /bin
PATH: /usr/games


## ----------- ##
## Core tests. ##
## ----------- ##

configure:1348: checking build system type
configure:1366: result: i686-pc-linux-gnu
configure:1374: checking host system type
configure:1388: result: i686-pc-linux-gnu
configure:1396: checking target system type
configure:1410: result: i686-pc-linux-gnu
configure:1437: checking for a BSD-compatible install
configure:1491: result: /usr/bin/install -c
configure:1502: checking whether build environment is sane
configure:1545: result: yes
configure:1570: WARNING: `missing' script is too old or missing
configure:1578: checking for gawk
configure:1594: found /usr/bin/gawk
configure:1604: result: gawk
configure:1614: checking whether make sets $(MAKE)
configure:1634: result: yes
configure:1814: checking whether NLS is requested
configure:1823: result: yes
configure:1861: checking for msgfmt
configure:1892: result: /usr/bin/msgfmt
configure:1901: checking for gmsgfmt
configure:1932: result: /usr/bin/msgfmt
configure:1971: checking for xgettext
configure:2002: result: /usr/bin/xgettext
configure:2042: checking for msgmerge
configure:2072: result: /usr/bin/msgmerge
configure:2135: checking for style of include used by make
configure:2163: result: GNU
configure:2234: checking for gcc
configure:2250: found /usr/bin/gcc
configure:2260: result: gcc
configure:2504: checking for C compiler version
configure:2507: gcc --version </dev/null >&5
gcc (Ubuntu 4.4.3-4ubuntu5) 4.4.3
Copyright (C) 2009 Free Software Foundation, Inc.
This is free software; see the source for copying conditions.  There is NO
warranty; not even for MERCHANTABILITY or FITNESS FOR A PARTICULAR PURPOSE.

configure:2510: $? = 0
configure:2512: gcc -v </dev/null >&5
Using built-in specs.
Target: i486-linux-gnu
Configured with: ../src/configure -v --with-pkgversion='Ubuntu 4.4.3-4ubuntu5' --with-bugurl=file:///usr/share/doc/gcc-4.4/README.Bugs --enable-languages=c,c++,fortran,objc,obj-c++ --prefix=/usr --enable-shared --enable-multiarch --enable-linker-build-id --with-system-zlib --libexecdir=/usr/lib --without-included-gettext --enable-threads=posix --with-gxx-include-dir=/usr/include/c++/4.4 --program-suffix=-4.4 --enable-nls --enable-clocale=gnu --enable-libstdcxx-debug --enable-plugin --enable-objc-gc --enable-targets=all --disable-werror --with-arch-32=i486 --with-tune=generic --enable-checking=release --build=i486-linux-gnu --host=i486-linux-gnu --target=i486-linux-gnu
Thread model: posix
gcc version 4.4.3 (Ubuntu 4.4.3-4ubuntu5) 
configure:2515: $? = 0
configure:2517: gcc -V </dev/null >&5
gcc: '-V' option must have argument
configure:2520: $? = 1
configure:2544: checking for C compiler default output
configure:2547: gcc    conftest.c  >&5
configure:2550: $? = 0
configure:2596: result: a.out
configure:2601: checking whether the C compiler works
configure:2607: ./a.out
configure:2610: $? = 0
configure:2627: result: yes
configure:2634: checking whether we are cross compiling
configure:2636: result: no
configure:2639: checking for suffix of executables
configure:2641: gcc -o conftest    conftest.c  >&5
configure:2644: $? = 0
configure:2669: result: 
configure:2675: checking for suffix of object files
configure:2697: gcc -c   conftest.c >&5
configure:2700: $? = 0
configure:2722: result: o
configure:2726: checking whether we are using the GNU C compiler
configure:2751: gcc -c   conftest.c >&5
configure:2754: $? = 0
configure:2757: test -s conftest.o
configure:2760: $? = 0
configure:2773: result: yes
configure:2779: checking whether gcc accepts -g
configure:2801: gcc -c -g  conftest.c >&5
configure:2804: $? = 0
configure:2807: test -s conftest.o
configure:2810: $? = 0
configure:2821: result: yes
configure:2838: checking for gcc option to accept ANSI C
configure:2899: gcc  -c -g -O2  conftest.c >&5
configure:2902: $? = 0
configure:2905: test -s conftest.o
configure:2908: $? = 0
configure:2926: result: none needed
configure:2944: gcc -c -g -O2  conftest.c >&5
conftest.c:2: error: expected '=', ',', ';', 'asm' or '__attribute__' before 'me'
configure:2947: $? = 1
configure: failed program was:
| #ifndef __cplusplus
|   choke me
| #endif
configure:3057: checking dependency style of gcc
configure:3140: result: gcc3
configure:3181: checking for ld used by GCC
configure:3244: result: /usr/bin/ld
configure:3253: checking if the linker (/usr/bin/ld) is GNU ld
GNU ld (GNU Binutils for Ubuntu) 2.20.1-system.20100303
configure:3265: result: yes
configure:3271: checking for shared library run path origin
configure:3284: result: done
configure:3701: checking whether NLS is requested
configure:3710: result: yes
configure:3728: checking for GNU gettext in libc
configure:3753: gcc -o conftest -g -O2   conftest.c  >&5
configure:3756: $? = 0
configure:3759: test -s conftest
configure:3762: $? = 0
configure:3773: result: yes
configure:4432: checking whether to use NLS
configure:4434: result: yes
configure:4437: checking where the gettext function comes from
configure:4448: result: libc
configure:4514: checking for bind_textdomain_codeset
configure:4564: gcc -o conftest -g -O2   conftest.c  >&5
configure:4567: $? = 0
configure:4570: test -s conftest
configure:4573: $? = 0
configure:4584: result: yes
configure:4649: checking for g++
configure:4665: found /usr/bin/g++
configure:4675: result: g++
configure:4691: checking for C++ compiler version
configure:4694: g++ --version </dev/null >&5
g++ (Ubuntu 4.4.3-4ubuntu5) 4.4.3
Copyright (C) 2009 Free Software Foundation, Inc.
This is free software; see the source for copying conditions.  There is NO
warranty; not even for MERCHANTABILITY or FITNESS FOR A PARTICULAR PURPOSE.

configure:4697: $? = 0
configure:4699: g++ -v </dev/null >&5
Using built-in specs.
Target: i486-linux-gnu
Configured with: ../src/configure -v --with-pkgversion='Ubuntu 4.4.3-4ubuntu5' --with-bugurl=file:///usr/share/doc/gcc-4.4/README.Bugs --enable-languages=c,c++,fortran,objc,obj-c++ --prefix=/usr --enable-shared --enable-multiarch --enable-linker-build-id --with-system-zlib --libexecdir=/usr/lib --without-included-gettext --enable-threads=posix --with-gxx-include-dir=/usr/include/c++/4.4 --program-suffix=-4.4 --enable-nls --enable-clocale=gnu --enable-libstdcxx-debug --enable-plugin --enable-objc-gc --enable-targets=all --disable-werror --with-arch-32=i486 --with-tune=generic --enable-checking=release --build=i486-linux-gnu --host=i486-linux-gnu --target=i486-linux-gnu
Thread model: posix
gcc version 4.4.3 (Ubuntu 4.4.3-4ubuntu5) 
configure:4702: $? = 0
configure:4704: g++ -V </dev/null >&5
g++: '-V' option must have argument
configure:4707: $? = 1
configure:4710: checking whether we are using the GNU C++ compiler
configure:4735: g++ -c   conftest.cc >&5
configure:4738: $? = 0
configure:4741: test -s conftest.o
configure:4744: $? = 0
configure:4757: result: yes
configure:4763: checking whether g++ accepts -g
configure:4785: g++ -c -g  conftest.cc >&5
configure:4788: $? = 0
configure:4791: test -s conftest.o
configure:4794: $? = 0
configure:4805: result: yes
configure:4848: g++ -c -g -O2  conftest.cc >&5
configure:4851: $? = 0
configure:4854: test -s conftest.o
configure:4857: $? = 0
configure:4884: g++ -c -g -O2  conftest.cc >&5
configure: In function 'int main()':
configure:4885: error: 'exit' was not declared in this scope
configure:4887: $? = 1
configure: failed program was:
| #line 4867 "configure"
| /* confdefs.h.  */
| 
| #define PACKAGE_NAME "csmash"
| #define PACKAGE_TARNAME "csmash"
| #define PACKAGE_VERSION "0.6.6"
| #define PACKAGE_STRING "csmash 0.6.6"
| #define PACKAGE_BUGREPORT "nan@utmc.or.jp"
| #define PACKAGE "csmash"
| #define VERSION "0.6.6"
| #define ENABLE_NLS 1
| #define HAVE_GETTEXT 1
| #define HAVE_DCGETTEXT 1
| #define HAVE_BIND_TEXTDOMAIN_CODESET 1
| /* end confdefs.h.  */
| 
| int
| main ()
| {
| exit (42);
|   ;
|   return 0;
| }
configure:4848: g++ -c -g -O2  conftest.cc >&5
configure:4844: error: 'void std::exit(int)' should have been declared inside 'std'
configure:4851: $? = 1
configure: failed program was:
| #line 4830 "configure"
| /* confdefs.h.  */
| 
| #define PACKAGE_NAME "csmash"
| #define PACKAGE_TARNAME "csmash"
| #define PACKAGE_VERSION "0.6.6"
| #define PACKAGE_STRING "csmash 0.6.6"
| #define PACKAGE_BUGREPORT "nan@utmc.or.jp"
| #define PACKAGE "csmash"
| #define VERSION "0.6.6"
| #define ENABLE_NLS 1
| #define HAVE_GETTEXT 1
| #define HAVE_DCGETTEXT 1
| #define HAVE_BIND_TEXTDOMAIN_CODESET 1
| /* end confdefs.h.  */
| extern "C" void std::exit (int) throw (); using std::exit;
| #include <stdlib.h>
| int
| main ()
| {
| exit (42);
|   ;
|   return 0;
| }
configure:4848: g++ -c -g -O2  conftest.cc >&5
configure:4844: error: 'void std::exit(int)' should have been declared inside 'std'
In file included from configure:4845:
/usr/include/stdlib.h:543: error: declaration of 'void std::exit(int) throw ()' throws different exceptions
configure:4844: error: from previous declaration 'void std::exit(int)'
configure:4851: $? = 1
configure: failed program was:
| #line 4830 "configure"
| /* confdefs.h.  */
| 
| #define PACKAGE_NAME "csmash"
| #define PACKAGE_TARNAME "csmash"
| #define PACKAGE_VERSION "0.6.6"
| #define PACKAGE_STRING "csmash 0.6.6"
| #define PACKAGE_BUGREPORT "nan@utmc.or.jp"
| #define PACKAGE "csmash"
| #define VERSION "0.6.6"
| #define ENABLE_NLS 1
| #define HAVE_GETTEXT 1
| #define HAVE_DCGETTEXT 1
| #define HAVE_BIND_TEXTDOMAIN_CODESET 1
| /* end confdefs.h.  */
| extern "C" void std::exit (int); using std::exit;
| #include <stdlib.h>
| int
| main ()
| {
| exit (42);
|   ;
|   return 0;
| }
configure:4848: g++ -c -g -O2  conftest.cc >&5
configure:4851: $? = 0
configure:4854: test -s conftest.o
configure:4857: $? = 0
configure:4884: g++ -c -g -O2  conftest.cc >&5
configure:4887: $? = 0
configure:4890: test -s conftest.o
configure:4893: $? = 0
configure:4918: checking dependency style of g++
configure:5001: result: gcc3
configure:5020: checking for gzip
configure:5038: found /bin/gzip
configure:5050: result: /bin/gzip
configure:5063: checking how to run the C preprocessor
configure:5099: gcc -E  conftest.c
configure:5105: $? = 0
configure:5137: gcc -E  conftest.c
configure:5145:28: error: ac_nonexistent.h: No such file or directory
configure:5143: $? = 1
configure: failed program was:
| #line 5128 "configure"
| /* confdefs.h.  */
| 
| #define PACKAGE_NAME "csmash"
| #define PACKAGE_TARNAME "csmash"
| #define PACKAGE_VERSION "0.6.6"
| #define PACKAGE_STRING "csmash 0.6.6"
| #define PACKAGE_BUGREPORT "nan@utmc.or.jp"
| #define PACKAGE "csmash"
| #define VERSION "0.6.6"
| #define ENABLE_NLS 1
| #define HAVE_GETTEXT 1
| #define HAVE_DCGETTEXT 1
| #define HAVE_BIND_TEXTDOMAIN_CODESET 1
| #ifdef __cplusplus
| extern "C" void exit (int) throw ();
| #endif
| /* end confdefs.h.  */
| #include <ac_nonexistent.h>
configure:5181: result: gcc -E
configure:5206: gcc -E  conftest.c
configure:5212: $? = 0
configure:5244: gcc -E  conftest.c
configure:5252:28: error: ac_nonexistent.h: No such file or directory
configure:5250: $? = 1
configure: failed program was:
| #line 5235 "configure"
| /* confdefs.h.  */
| 
| #define PACKAGE_NAME "csmash"
| #define PACKAGE_TARNAME "csmash"
| #define PACKAGE_VERSION "0.6.6"
| #define PACKAGE_STRING "csmash 0.6.6"
| #define PACKAGE_BUGREPORT "nan@utmc.or.jp"
| #define PACKAGE "csmash"
| #define VERSION "0.6.6"
| #define ENABLE_NLS 1
| #define HAVE_GETTEXT 1
| #define HAVE_DCGETTEXT 1
| #define HAVE_BIND_TEXTDOMAIN_CODESET 1
| #ifdef __cplusplus
| extern "C" void exit (int) throw ();
| #endif
| /* end confdefs.h.  */
| #include <ac_nonexistent.h>
configure:5293: checking for X
configure:5399: gcc -E  conftest.c
configure:5405: $? = 0
configure:5455: gcc -o conftest -g -O2   conftest.c -lXt  >&5
configure:5458: $? = 0
configure:5461: test -s conftest
configure:5464: $? = 0
configure:5513: result: libraries , headers 
configure:5523: checking for main in -lXmu
configure:5548: gcc -o conftest -I   -L/usr/local/lib -L -L${exec_prefix}/lib conftest.c -lXmu   >&5
/usr/bin/ld: cannot find -lXmu
collect2: ld returned 1 exit status
configure:5551: $? = 1
configure: failed program was:
| #line 5530 "configure"
| /* confdefs.h.  */
| 
| #define PACKAGE_NAME "csmash"
| #define PACKAGE_TARNAME "csmash"
| #define PACKAGE_VERSION "0.6.6"
| #define PACKAGE_STRING "csmash 0.6.6"
| #define PACKAGE_BUGREPORT "nan@utmc.or.jp"
| #define PACKAGE "csmash"
| #define VERSION "0.6.6"
| #define ENABLE_NLS 1
| #define HAVE_GETTEXT 1
| #define HAVE_DCGETTEXT 1
| #define HAVE_BIND_TEXTDOMAIN_CODESET 1
| #ifdef __cplusplus
| extern "C" void exit (int) throw ();
| #endif
| /* end confdefs.h.  */
| 
| 
| int
| main ()
| {
| main ();
|   ;
|   return 0;
| }
configure:5569: result: no
configure:5581: checking for main in -lXt
configure:5606: gcc -o conftest -I   -L/usr/local/lib -L -L${exec_prefix}/lib conftest.c -lXt   >&5
configure:5609: $? = 0
configure:5612: test -s conftest
configure:5615: $? = 0
configure:5627: result: yes
configure:5639: checking for main in -lICE
configure:5664: gcc -o conftest -I   -L/usr/local/lib -L -L${exec_prefix}/lib conftest.c -lICE  -lXt  >&5
configure:5667: $? = 0
configure:5670: test -s conftest
configure:5673: $? = 0
configure:5685: result: yes
configure:5697: checking for main in -lX11
configure:5722: gcc -o conftest -I   -L/usr/local/lib -L -L${exec_prefix}/lib conftest.c -lX11  -lICE -lXt  >&5
configure:5725: $? = 0
configure:5728: test -s conftest
configure:5731: $? = 0
configure:5743: result: yes
configure:5755: checking for main in -lXext
configure:5780: gcc -o conftest -I   -L/usr/local/lib -L -L${exec_prefix}/lib conftest.c -lXext  -lX11 -lICE -lXt  >&5
configure:5783: $? = 0
configure:5786: test -s conftest
configure:5789: $? = 0
configure:5801: result: yes
configure:5813: checking for main in -lXi
configure:5838: gcc -o conftest -I   -L/usr/local/lib -L -L${exec_prefix}/lib conftest.c -lXi  -lXext -lX11 -lICE -lXt  >&5
configure:5841: $? = 0
configure:5844: test -s conftest
configure:5847: $? = 0
configure:5859: result: yes
configure:5871: checking for fabs in -lm
configure:5902: gcc -o conftest -I   -L/usr/local/lib -L -L${exec_prefix}/lib conftest.c -lm  -lXi -lXext -lX11 -lICE -lXt  >&5
configure:5907: warning: conflicting types for built-in function 'fabs'
configure:5905: $? = 0
configure:5908: test -s conftest
configure:5911: $? = 0
configure:5923: result: yes
configure:5935: checking for glLoadIdentity in -lGL
configure:5966: gcc -o conftest -I   -L/usr/local/lib -L -L${exec_prefix}/lib conftest.c -lGL  -lm -lXi -lXext -lX11 -lICE -lXt  >&5
configure:5969: $? = 0
configure:5972: test -s conftest
configure:5975: $? = 0
configure:5987: result: yes
configure:6127: checking for gluPerspective in -lGLU
configure:6158: gcc -o conftest -I   -L/usr/local/lib -L -L${exec_prefix}/lib conftest.c -lGLU  -lGL -lm -lXi -lXext -lX11 -lICE -lXt  >&5
configure:6161: $? = 0
configure:6164: test -s conftest
configure:6167: $? = 0
configure:6179: result: yes
configure:6319: checking for gzdopen in -lz
configure:6350: gcc -o conftest -I   -L/usr/local/lib -L -L${exec_prefix}/lib conftest.c -lz  -lGLU -lGL -lm -lXi -lXext -lX11 -lICE -lXt  >&5
configure:6353: $? = 0
configure:6356: test -s conftest
configure:6359: $? = 0
configure:6371: result: yes
configure:6423: checking for sdl-config
configure:6441: found /usr/bin/sdl-config
configure:6454: result: /usr/bin/sdl-config
configure:6462: checking for SDL - version >= 1.2.0
configure:6579: result: yes
configure:6667: checking for Mix_OpenAudio in -lSDL_mixer
configure:6698: gcc -o conftest -I  -I/usr/include/SDL -D_GNU_SOURCE=1 -D_REENTRANT  -L/usr/local/lib -L -L${exec_prefix}/lib conftest.c -lSDL_mixer  -lz -lGLU -lGL -lm -lXi -lXext -lX11 -lICE -lXt  -L/usr/lib -lSDL >&5
configure:6701: $? = 0
configure:6704: test -s conftest
configure:6707: $? = 0
configure:6719: result: yes
configure:6731: checking for IMG_Load in -lSDL_image
configure:6762: gcc -o conftest -I  -I/usr/include/SDL -D_GNU_SOURCE=1 -D_REENTRANT  -L/usr/local/lib -L -L${exec_prefix}/lib conftest.c -lSDL_image  -lSDL_mixer -lz -lGLU -lGL -lm -lXi -lXext -lX11 -lICE -lXt  -L/usr/lib -lSDL >&5
configure:6765: $? = 0
configure:6768: test -s conftest
configure:6771: $? = 0
configure:6783: result: yes
configure:6821: checking for pkg-config
configure:6839: found /usr/bin/pkg-config
configure:6852: result: /usr/bin/pkg-config
configure:6873: checking for GTK+ - version >= 2.0.0
configure:6989: gcc -o conftest -I  -I/usr/include/SDL -D_GNU_SOURCE=1 -D_REENTRANT -pthread -D_REENTRANT -I/usr/include/gtk-2.0 -I/usr/lib/gtk-2.0/include -I/usr/include/atk-1.0 -I/usr/include/cairo -I/usr/include/pango-1.0 -I/usr/include/gio-unix-2.0/ -I/usr/include/glib-2.0 -I/usr/lib/glib-2.0/include -I/usr/include/pixman-1 -I/usr/include/freetype2 -I/usr/include/directfb -I/usr/include/libpng12    -L/usr/local/lib -L -L${exec_prefix}/lib conftest.c -pthread -lgtk-x11-2.0 -lgdk-x11-2.0 -latk-1.0 -lgio-2.0 -lpangoft2-1.0 -lgdk_pixbuf-2.0 -lm -lpangocairo-1.0 -lcairo -lpango-1.0 -lfreetype -lfontconfig -lgobject-2.0 -lgmodule-2.0 -lgthread-2.0 -lrt -lglib-2.0   -lSDL_image -lSDL_mixer -lz -lGLU -lGL -lm -lXi -lXext -lX11 -lICE -lXt  -L/usr/lib -lSDL >&5
configure:6992: $? = 0
configure:6994: ./conftest
configure:6997: $? = 0
configure:7015: result: yes (version 2.20.1)
configure:7101: checking for egrep
configure:7111: result: grep -E
configure:7116: checking for ANSI C header files
configure:7142: gcc -c -I  -I/usr/include/SDL -D_GNU_SOURCE=1 -D_REENTRANT -pthread -D_REENTRANT -I/usr/include/gtk-2.0 -I/usr/lib/gtk-2.0/include -I/usr/include/atk-1.0 -I/usr/include/cairo -I/usr/include/pango-1.0 -I/usr/include/gio-unix-2.0/ -I/usr/include/glib-2.0 -I/usr/lib/glib-2.0/include -I/usr/include/pixman-1 -I/usr/include/freetype2 -I/usr/include/directfb -I/usr/include/libpng12    -pthread -D_REENTRANT -I/usr/include/gtk-2.0 -I/usr/lib/gtk-2.0/include -I/usr/include/atk-1.0 -I/usr/include/cairo -I/usr/include/pango-1.0 -I/usr/include/gio-unix-2.0/ -I/usr/include/glib-2.0 -I/usr/lib/glib-2.0/include -I/usr/include/pixman-1 -I/usr/include/freetype2 -I/usr/include/directfb -I/usr/include/libpng12   conftest.c >&5
configure:7145: $? = 0
configure:7148: test -s conftest.o
configure:7151: $? = 0
configure:7243: gcc -o conftest -I  -I/usr/include/SDL -D_GNU_SOURCE=1 -D_REENTRANT -pthread -D_REENTRANT -I/usr/include/gtk-2.0 -I/usr/lib/gtk-2.0/include -I/usr/include/atk-1.0 -I/usr/include/cairo -I/usr/include/pango-1.0 -I/usr/include/gio-unix-2.0/ -I/usr/include/glib-2.0 -I/usr/lib/glib-2.0/include -I/usr/include/pixman-1 -I/usr/include/freetype2 -I/usr/include/directfb -I/usr/include/libpng12    -pthread -D_REENTRANT -I/usr/include/gtk-2.0 -I/usr/lib/gtk-2.0/include -I/usr/include/atk-1.0 -I/usr/include/cairo -I/usr/include/pango-1.0 -I/usr/include/gio-unix-2.0/ -I/usr/include/glib-2.0 -I/usr/lib/glib-2.0/include -I/usr/include/pixman-1 -I/usr/include/freetype2 -I/usr/include/directfb -I/usr/include/libpng12   -L/usr/local/lib -L -L${exec_prefix}/lib conftest.c -lSDL_image -lSDL_mixer -lz -lGLU -lGL -lm -lXi -lXext -lX11 -lICE -lXt  -L/usr/lib -lSDL -pthread -lgtk-x11-2.0 -lgdk-x11-2.0 -latk-1.0 -lgio-2.0 -lpangoft2-1.0 -lgdk_pixbuf-2.0 -lm -lpangocairo-1.0 -lcairo -lpango-1.0 -lfreetype -lfontconfig -lgobject-2.0 -lgmodule-2.0 -lgthread-2.0 -lrt -lglib-2.0   >&5
configure: In function 'main':
configure:7256: warning: incompatible implicit declaration of built-in function 'exit'
configure:7246: $? = 0
configure:7248: ./conftest
configure:7251: $? = 0
configure:7266: result: yes
configure:7290: checking for sys/types.h
configure:7307: gcc -c -I  -I/usr/include/SDL -D_GNU_SOURCE=1 -D_REENTRANT -pthread -D_REENTRANT -I/usr/include/gtk-2.0 -I/usr/lib/gtk-2.0/include -I/usr/include/atk-1.0 -I/usr/include/cairo -I/usr/include/pango-1.0 -I/usr/include/gio-unix-2.0/ -I/usr/include/glib-2.0 -I/usr/lib/glib-2.0/include -I/usr/include/pixman-1 -I/usr/include/freetype2 -I/usr/include/directfb -I/usr/include/libpng12    -pthread -D_REENTRANT -I/usr/include/gtk-2.0 -I/usr/lib/gtk-2.0/include -I/usr/include/atk-1.0 -I/usr/include/cairo -I/usr/include/pango-1.0 -I/usr/include/gio-unix-2.0/ -I/usr/include/glib-2.0 -I/usr/lib/glib-2.0/include -I/usr/include/pixman-1 -I/usr/include/freetype2 -I/usr/include/directfb -I/usr/include/libpng12   conftest.c >&5
configure:7310: $? = 0
configure:7313: test -s conftest.o
configure:7316: $? = 0
configure:7327: result: yes
configure:7290: checking for sys/stat.h
configure:7307: gcc -c -I  -I/usr/include/SDL -D_GNU_SOURCE=1 -D_REENTRANT -pthread -D_REENTRANT -I/usr/include/gtk-2.0 -I/usr/lib/gtk-2.0/include -I/usr/include/atk-1.0 -I/usr/include/cairo -I/usr/include/pango-1.0 -I/usr/include/gio-unix-2.0/ -I/usr/include/glib-2.0 -I/usr/lib/glib-2.0/include -I/usr/include/pixman-1 -I/usr/include/freetype2 -I/usr/include/directfb -I/usr/include/libpng12    -pthread -D_REENTRANT -I/usr/include/gtk-2.0 -I/usr/lib/gtk-2.0/include -I/usr/include/atk-1.0 -I/usr/include/cairo -I/usr/include/pango-1.0 -I/usr/include/gio-unix-2.0/ -I/usr/include/glib-2.0 -I/usr/lib/glib-2.0/include -I/usr/include/pixman-1 -I/usr/include/freetype2 -I/usr/include/directfb -I/usr/include/libpng12   conftest.c >&5
configure:7310: $? = 0
configure:7313: test -s conftest.o
configure:7316: $? = 0
configure:7327: result: yes
configure:7290: checking for stdlib.h
configure:7307: gcc -c -I  -I/usr/include/SDL -D_GNU_SOURCE=1 -D_REENTRANT -pthread -D_REENTRANT -I/usr/include/gtk-2.0 -I/usr/lib/gtk-2.0/include -I/usr/include/atk-1.0 -I/usr/include/cairo -I/usr/include/pango-1.0 -I/usr/include/gio-unix-2.0/ -I/usr/include/glib-2.0 -I/usr/lib/glib-2.0/include -I/usr/include/pixman-1 -I/usr/include/freetype2 -I/usr/include/directfb -I/usr/include/libpng12    -pthread -D_REENTRANT -I/usr/include/gtk-2.0 -I/usr/lib/gtk-2.0/include -I/usr/include/atk-1.0 -I/usr/include/cairo -I/usr/include/pango-1.0 -I/usr/include/gio-unix-2.0/ -I/usr/include/glib-2.0 -I/usr/lib/glib-2.0/include -I/usr/include/pixman-1 -I/usr/include/freetype2 -I/usr/include/directfb -I/usr/include/libpng12   conftest.c >&5
configure:7310: $? = 0
configure:7313: test -s conftest.o
configure:7316: $? = 0
configure:7327: result: yes
configure:7290: checking for string.h
configure:7307: gcc -c -I  -I/usr/include/SDL -D_GNU_SOURCE=1 -D_REENTRANT -pthread -D_REENTRANT -I/usr/include/gtk-2.0 -I/usr/lib/gtk-2.0/include -I/usr/include/atk-1.0 -I/usr/include/cairo -I/usr/include/pango-1.0 -I/usr/include/gio-unix-2.0/ -I/usr/include/glib-2.0 -I/usr/lib/glib-2.0/include -I/usr/include/pixman-1 -I/usr/include/freetype2 -I/usr/include/directfb -I/usr/include/libpng12    -pthread -D_REENTRANT -I/usr/include/gtk-2.0 -I/usr/lib/gtk-2.0/include -I/usr/include/atk-1.0 -I/usr/include/cairo -I/usr/include/pango-1.0 -I/usr/include/gio-unix-2.0/ -I/usr/include/glib-2.0 -I/usr/lib/glib-2.0/include -I/usr/include/pixman-1 -I/usr/include/freetype2 -I/usr/include/directfb -I/usr/include/libpng12   conftest.c >&5
configure:7310: $? = 0
configure:7313: test -s conftest.o
configure:7316: $? = 0
configure:7327: result: yes
configure:7290: checking for memory.h
configure:7307: gcc -c -I  -I/usr/include/SDL -D_GNU_SOURCE=1 -D_REENTRANT -pthread -D_REENTRANT -I/usr/include/gtk-2.0 -I/usr/lib/gtk-2.0/include -I/usr/include/atk-1.0 -I/usr/include/cairo -I/usr/include/pango-1.0 -I/usr/include/gio-unix-2.0/ -I/usr/include/glib-2.0 -I/usr/lib/glib-2.0/include -I/usr/include/pixman-1 -I/usr/include/freetype2 -I/usr/include/directfb -I/usr/include/libpng12    -pthread -D_REENTRANT -I/usr/include/gtk-2.0 -I/usr/lib/gtk-2.0/include -I/usr/include/atk-1.0 -I/usr/include/cairo -I/usr/include/pango-1.0 -I/usr/include/gio-unix-2.0/ -I/usr/include/glib-2.0 -I/usr/lib/glib-2.0/include -I/usr/include/pixman-1 -I/usr/include/freetype2 -I/usr/include/directfb -I/usr/include/libpng12   conftest.c >&5
configure:7310: $? = 0
configure:7313: test -s conftest.o
configure:7316: $? = 0
configure:7327: result: yes
configure:7290: checking for strings.h
configure:7307: gcc -c -I  -I/usr/include/SDL -D_GNU_SOURCE=1 -D_REENTRANT -pthread -D_REENTRANT -I/usr/include/gtk-2.0 -I/usr/lib/gtk-2.0/include -I/usr/include/atk-1.0 -I/usr/include/cairo -I/usr/include/pango-1.0 -I/usr/include/gio-unix-2.0/ -I/usr/include/glib-2.0 -I/usr/lib/glib-2.0/include -I/usr/include/pixman-1 -I/usr/include/freetype2 -I/usr/include/directfb -I/usr/include/libpng12    -pthread -D_REENTRANT -I/usr/include/gtk-2.0 -I/usr/lib/gtk-2.0/include -I/usr/include/atk-1.0 -I/usr/include/cairo -I/usr/include/pango-1.0 -I/usr/include/gio-unix-2.0/ -I/usr/include/glib-2.0 -I/usr/lib/glib-2.0/include -I/usr/include/pixman-1 -I/usr/include/freetype2 -I/usr/include/directfb -I/usr/include/libpng12   conftest.c >&5
configure:7310: $? = 0
configure:7313: test -s conftest.o
configure:7316: $? = 0
configure:7327: result: yes
configure:7290: checking for inttypes.h
configure:7307: gcc -c -I  -I/usr/include/SDL -D_GNU_SOURCE=1 -D_REENTRANT -pthread -D_REENTRANT -I/usr/include/gtk-2.0 -I/usr/lib/gtk-2.0/include -I/usr/include/atk-1.0 -I/usr/include/cairo -I/usr/include/pango-1.0 -I/usr/include/gio-unix-2.0/ -I/usr/include/glib-2.0 -I/usr/lib/glib-2.0/include -I/usr/include/pixman-1 -I/usr/include/freetype2 -I/usr/include/directfb -I/usr/include/libpng12    -pthread -D_REENTRANT -I/usr/include/gtk-2.0 -I/usr/lib/gtk-2.0/include -I/usr/include/atk-1.0 -I/usr/include/cairo -I/usr/include/pango-1.0 -I/usr/include/gio-unix-2.0/ -I/usr/include/glib-2.0 -I/usr/lib/glib-2.0/include -I/usr/include/pixman-1 -I/usr/include/freetype2 -I/usr/include/directfb -I/usr/include/libpng12   conftest.c >&5
configure:7310: $? = 0
configure:7313: test -s conftest.o
configure:7316: $? = 0
configure:7327: result: yes
configure:7290: checking for stdint.h
configure:7307: gcc -c -I  -I/usr/include/SDL -D_GNU_SOURCE=1 -D_REENTRANT -pthread -D_REENTRANT -I/usr/include/gtk-2.0 -I/usr/lib/gtk-2.0/include -I/usr/include/atk-1.0 -I/usr/include/cairo -I/usr/include/pango-1.0 -I/usr/include/gio-unix-2.0/ -I/usr/include/glib-2.0 -I/usr/lib/glib-2.0/include -I/usr/include/pixman-1 -I/usr/include/freetype2 -I/usr/include/directfb -I/usr/include/libpng12    -pthread -D_REENTRANT -I/usr/include/gtk-2.0 -I/usr/lib/gtk-2.0/include -I/usr/include/atk-1.0 -I/usr/include/cairo -I/usr/include/pango-1.0 -I/usr/include/gio-unix-2.0/ -I/usr/include/glib-2.0 -I/usr/lib/glib-2.0/include -I/usr/include/pixman-1 -I/usr/include/freetype2 -I/usr/include/directfb -I/usr/include/libpng12   conftest.c >&5
configure:7310: $? = 0
configure:7313: test -s conftest.o
configure:7316: $? = 0
configure:7327: result: yes
configure:7290: checking for unistd.h
configure:7307: gcc -c -I  -I/usr/include/SDL -D_GNU_SOURCE=1 -D_REENTRANT -pthread -D_REENTRANT -I/usr/include/gtk-2.0 -I/usr/lib/gtk-2.0/include -I/usr/include/atk-1.0 -I/usr/include/cairo -I/usr/include/pango-1.0 -I/usr/include/gio-unix-2.0/ -I/usr/include/glib-2.0 -I/usr/lib/glib-2.0/include -I/usr/include/pixman-1 -I/usr/include/freetype2 -I/usr/include/directfb -I/usr/include/libpng12    -pthread -D_REENTRANT -I/usr/include/gtk-2.0 -I/usr/lib/gtk-2.0/include -I/usr/include/atk-1.0 -I/usr/include/cairo -I/usr/include/pango-1.0 -I/usr/include/gio-unix-2.0/ -I/usr/include/glib-2.0 -I/usr/lib/glib-2.0/include -I/usr/include/pixman-1 -I/usr/include/freetype2 -I/usr/include/directfb -I/usr/include/libpng12   conftest.c >&5
configure:7310: $? = 0
configure:7313: test -s conftest.o
configure:7316: $? = 0
configure:7327: result: yes
configure:7354: checking sys/time.h usability
configure:7367: gcc -c -I  -I/usr/include/SDL -D_GNU_SOURCE=1 -D_REENTRANT -pthread -D_REENTRANT -I/usr/include/gtk-2.0 -I/usr/lib/gtk-2.0/include -I/usr/include/atk-1.0 -I/usr/include/cairo -I/usr/include/pango-1.0 -I/usr/include/gio-unix-2.0/ -I/usr/include/glib-2.0 -I/usr/lib/glib-2.0/include -I/usr/include/pixman-1 -I/usr/include/freetype2 -I/usr/include/directfb -I/usr/include/libpng12    -pthread -D_REENTRANT -I/usr/include/gtk-2.0 -I/usr/lib/gtk-2.0/include -I/usr/include/atk-1.0 -I/usr/include/cairo -I/usr/include/pango-1.0 -I/usr/include/gio-unix-2.0/ -I/usr/include/glib-2.0 -I/usr/lib/glib-2.0/include -I/usr/include/pixman-1 -I/usr/include/freetype2 -I/usr/include/directfb -I/usr/include/libpng12   conftest.c >&5
configure:7370: $? = 0
configure:7373: test -s conftest.o
configure:7376: $? = 0
configure:7386: result: yes
configure:7390: checking sys/time.h presence
configure:7401: gcc -E  -pthread -D_REENTRANT -I/usr/include/gtk-2.0 -I/usr/lib/gtk-2.0/include -I/usr/include/atk-1.0 -I/usr/include/cairo -I/usr/include/pango-1.0 -I/usr/include/gio-unix-2.0/ -I/usr/include/glib-2.0 -I/usr/lib/glib-2.0/include -I/usr/include/pixman-1 -I/usr/include/freetype2 -I/usr/include/directfb -I/usr/include/libpng12   conftest.c
configure:7407: $? = 0
configure:7426: result: yes
configure:7462: checking for sys/time.h
configure:7469: result: yes
configure:7345: checking for unistd.h
configure:7350: result: yes
configure:7493: checking windows.h usability
configure:7506: gcc -c -I  -I/usr/include/SDL -D_GNU_SOURCE=1 -D_REENTRANT -pthread -D_REENTRANT -I/usr/include/gtk-2.0 -I/usr/lib/gtk-2.0/include -I/usr/include/atk-1.0 -I/usr/include/cairo -I/usr/include/pango-1.0 -I/usr/include/gio-unix-2.0/ -I/usr/include/glib-2.0 -I/usr/lib/glib-2.0/include -I/usr/include/pixman-1 -I/usr/include/freetype2 -I/usr/include/directfb -I/usr/include/libpng12    -pthread -D_REENTRANT -I/usr/include/gtk-2.0 -I/usr/lib/gtk-2.0/include -I/usr/include/atk-1.0 -I/usr/include/cairo -I/usr/include/pango-1.0 -I/usr/include/gio-unix-2.0/ -I/usr/include/glib-2.0 -I/usr/lib/glib-2.0/include -I/usr/include/pixman-1 -I/usr/include/freetype2 -I/usr/include/directfb -I/usr/include/libpng12   conftest.c >&5
configure:7569:21: error: windows.h: No such file or directory
configure:7509: $? = 1
configure: failed program was:
| #line 7495 "configure"
| /* confdefs.h.  */
| 
| #define PACKAGE_NAME "csmash"
| #define PACKAGE_TARNAME "csmash"
| #define PACKAGE_VERSION "0.6.6"
| #define PACKAGE_STRING "csmash 0.6.6"
| #define PACKAGE_BUGREPORT "nan@utmc.or.jp"
| #define PACKAGE "csmash"
| #define VERSION "0.6.6"
| #define ENABLE_NLS 1
| #define HAVE_GETTEXT 1
| #define HAVE_DCGETTEXT 1
| #define HAVE_BIND_TEXTDOMAIN_CODESET 1
| #ifdef __cplusplus
| extern "C" void exit (int) throw ();
| #endif
| #define HAVE_LIBXT 1
| #define HAVE_LIBICE 1
| #define HAVE_LIBX11 1
| #define HAVE_LIBXEXT 1
| #define HAVE_LIBXI 1
| #define HAVE_LIBM 1
| #define HAVE_LIBGL 1
| #define HAVE_LIBGLU 1
| #define HAVE_LIBZ 1
| #define HAVE_LIBSDL_MIXER 1
| #define HAVE_LIBSDL_IMAGE 1
| #define STDC_HEADERS 1
| #define HAVE_SYS_TYPES_H 1
| #define HAVE_SYS_STAT_H 1
| #define HAVE_STDLIB_H 1
| #define HAVE_STRING_H 1
| #define HAVE_MEMORY_H 1
| #define HAVE_STRINGS_H 1
| #define HAVE_INTTYPES_H 1
| #define HAVE_STDINT_H 1
| #define HAVE_UNISTD_H 1
| #define HAVE_SYS_TIME_H 1
| #define HAVE_UNISTD_H 1
| /* end confdefs.h.  */
| #include <stdio.h>
| #if HAVE_SYS_TYPES_H
| # include <sys/types.h>
| #endif
| #if HAVE_SYS_STAT_H
| # include <sys/stat.h>
| #endif
| #if STDC_HEADERS
| # include <stdlib.h>
| # include <stddef.h>
| #else
| # if HAVE_STDLIB_H
| #  include <stdlib.h>
| # endif
| #endif
| #if HAVE_STRING_H
| # if !STDC_HEADERS && HAVE_MEMORY_H
| #  include <memory.h>
| # endif
| # include <string.h>
| #endif
| #if HAVE_STRINGS_H
| # include <strings.h>
| #endif
| #if HAVE_INTTYPES_H
| # include <inttypes.h>
| #else
| # if HAVE_STDINT_H
| #  include <stdint.h>
| # endif
| #endif
| #if HAVE_UNISTD_H
| # include <unistd.h>
| #endif
| #include <windows.h>
configure:7525: result: no
configure:7529: checking windows.h presence
configure:7540: gcc -E  -pthread -D_REENTRANT -I/usr/include/gtk-2.0 -I/usr/lib/gtk-2.0/include -I/usr/include/atk-1.0 -I/usr/include/cairo -I/usr/include/pango-1.0 -I/usr/include/gio-unix-2.0/ -I/usr/include/glib-2.0 -I/usr/lib/glib-2.0/include -I/usr/include/pixman-1 -I/usr/include/freetype2 -I/usr/include/directfb -I/usr/include/libpng12   conftest.c
configure:7571:21: error: windows.h: No such file or directory
configure:7546: $? = 1
configure: failed program was:
| #line 7531 "configure"
| /* confdefs.h.  */
| 
| #define PACKAGE_NAME "csmash"
| #define PACKAGE_TARNAME "csmash"
| #define PACKAGE_VERSION "0.6.6"
| #define PACKAGE_STRING "csmash 0.6.6"
| #define PACKAGE_BUGREPORT "nan@utmc.or.jp"
| #define PACKAGE "csmash"
| #define VERSION "0.6.6"
| #define ENABLE_NLS 1
| #define HAVE_GETTEXT 1
| #define HAVE_DCGETTEXT 1
| #define HAVE_BIND_TEXTDOMAIN_CODESET 1
| #ifdef __cplusplus
| extern "C" void exit (int) throw ();
| #endif
| #define HAVE_LIBXT 1
| #define HAVE_LIBICE 1
| #define HAVE_LIBX11 1
| #define HAVE_LIBXEXT 1
| #define HAVE_LIBXI 1
| #define HAVE_LIBM 1
| #define HAVE_LIBGL 1
| #define HAVE_LIBGLU 1
| #define HAVE_LIBZ 1
| #define HAVE_LIBSDL_MIXER 1
| #define HAVE_LIBSDL_IMAGE 1
| #define STDC_HEADERS 1
| #define HAVE_SYS_TYPES_H 1
| #define HAVE_SYS_STAT_H 1
| #define HAVE_STDLIB_H 1
| #define HAVE_STRING_H 1
| #define HAVE_MEMORY_H 1
| #define HAVE_STRINGS_H 1
| #define HAVE_INTTYPES_H 1
| #define HAVE_STDINT_H 1
| #define HAVE_UNISTD_H 1
| #define HAVE_SYS_TIME_H 1
| #define HAVE_UNISTD_H 1
| /* end confdefs.h.  */
| #include <windows.h>
configure:7565: result: no
configure:7601: checking for windows.h
configure:7608: result: no
configure:7623: checking if --enable-ipv6 option specified
configure:7632: result: no
configure:7772: creating ./config.status

## ---------------------- ##
## Running config.status. ##
## ---------------------- ##

This file was extended by csmash config.status 0.6.6, which was
generated by GNU Autoconf 2.57.  Invocation command line was

  CONFIG_FILES    = 
  CONFIG_HEADERS  = 
  CONFIG_LINKS    = 
  CONFIG_COMMANDS = 
  $ ./config.status 

on delilah

config.status:712: creating Makefile
config.status:712: creating m4/Makefile
config.status:712: creating Parts/Makefile
config.status:712: creating Parts/Bcut/Makefile
config.status:712: creating Parts/Bnormal/Makefile
config.status:712: creating Parts/Bpeck/Makefile
config.status:712: creating Parts/Fcut/Makefile
config.status:712: creating Parts/Fdrive/Makefile
config.status:712: creating Parts/Fnormal/Makefile
config.status:712: creating Parts/Fpeck/Makefile
config.status:712: creating Parts/Fsmash/Makefile
config.status:712: creating images/Makefile
config.status:712: creating wav/Makefile
config.status:712: creating win32/Makefile
config.status:712: creating po/Makefile.in
config.status:816: creating config.h
config.status:955: config.h is unchanged
config.status:1077: executing default-1 commands
config.status:1077: executing depfiles commands

## ---------------- ##
## Cache variables. ##
## ---------------- ##

ac_cv_build=i686-pc-linux-gnu
ac_cv_build_alias=i686-pc-linux-gnu
ac_cv_c_compiler_gnu=yes
ac_cv_cxx_compiler_gnu=yes
ac_cv_env_CC_set=
ac_cv_env_CC_value=
ac_cv_env_CFLAGS_set=
ac_cv_env_CFLAGS_value=
ac_cv_env_CPPFLAGS_set=
ac_cv_env_CPPFLAGS_value=
ac_cv_env_CPP_set=
ac_cv_env_CPP_value=
ac_cv_env_CXXFLAGS_set=
ac_cv_env_CXXFLAGS_value=
ac_cv_env_CXX_set=
ac_cv_env_CXX_value=
ac_cv_env_LDFLAGS_set=
ac_cv_env_LDFLAGS_value=
ac_cv_env_build_alias_set=
ac_cv_env_build_alias_value=
ac_cv_env_host_alias_set=
ac_cv_env_host_alias_value=
ac_cv_env_target_alias_set=
ac_cv_env_target_alias_value=
ac_cv_exeext=
ac_cv_func_bind_textdomain_codeset=yes
ac_cv_have_x='have_x=yes 		ac_x_includes= ac_x_libraries='
ac_cv_header_inttypes_h=yes
ac_cv_header_memory_h=yes
ac_cv_header_stdc=yes
ac_cv_header_stdint_h=yes
ac_cv_header_stdlib_h=yes
ac_cv_header_string_h=yes
ac_cv_header_strings_h=yes
ac_cv_header_sys_stat_h=yes
ac_cv_header_sys_time_h=yes
ac_cv_header_sys_types_h=yes
ac_cv_header_unistd_h=yes
ac_cv_header_windows_h=no
ac_cv_host=i686-pc-linux-gnu
ac_cv_host_alias=i686-pc-linux-gnu
ac_cv_lib_GLU_gluPerspective=yes
ac_cv_lib_GL_glLoadIdentity=yes
ac_cv_lib_ICE_main=yes
ac_cv_lib_SDL_image_IMG_Load=yes
ac_cv_lib_SDL_mixer_Mix_OpenAudio=yes
ac_cv_lib_X11_main=yes
ac_cv_lib_Xext_main=yes
ac_cv_lib_Xi_main=yes
ac_cv_lib_Xmu_main=no
ac_cv_lib_Xt_main=yes
ac_cv_lib_m_fabs=yes
ac_cv_lib_z_gzdopen=yes
ac_cv_objext=o
ac_cv_path_GMSGFMT=/usr/bin/msgfmt
ac_cv_path_GZIP=/bin/gzip
ac_cv_path_MSGFMT=/usr/bin/msgfmt
ac_cv_path_MSGMERGE=/usr/bin/msgmerge
ac_cv_path_PKG_CONFIG=/usr/bin/pkg-config
ac_cv_path_SDL_CONFIG=/usr/bin/sdl-config
ac_cv_path_XGETTEXT=/usr/bin/xgettext
ac_cv_path_install='/usr/bin/install -c'
ac_cv_prog_AWK=gawk
ac_cv_prog_CPP='gcc -E'
ac_cv_prog_ac_ct_CC=gcc
ac_cv_prog_ac_ct_CXX=g++
ac_cv_prog_cc_g=yes
ac_cv_prog_cc_stdc=
ac_cv_prog_cxx_g=yes
ac_cv_prog_egrep='grep -E'
ac_cv_prog_make_make_set=yes
ac_cv_target=i686-pc-linux-gnu
ac_cv_target_alias=i686-pc-linux-gnu
acl_cv_hardcode_direct=no
acl_cv_hardcode_libdir_flag_spec='${wl}-rpath ${wl}$libdir'
acl_cv_hardcode_libdir_separator=
acl_cv_hardcode_minus_L=no
acl_cv_libext=a
acl_cv_path_LD=/usr/bin/ld
acl_cv_prog_gnu_ld=yes
acl_cv_rpath=done
acl_cv_shlibext=so
acl_cv_wl=-Wl,
am_cv_CC_dependencies_compiler_type=gcc3
am_cv_CXX_dependencies_compiler_type=gcc3
gt_cv_func_gnugettext1_libc=yes

## ----------------- ##
## Output variables. ##
## ----------------- ##

ACLOCAL='aclocal-1.7'
AMDEPBACKSLASH='\'
AMDEP_FALSE='#'
AMDEP_TRUE=''
AMTAR='tar'
AUTOCONF='autoconf'
AUTOHEADER='autoheader'
AUTOMAKE='automake-1.7'
AWK='gawk'
CC='gcc'
CCDEPMODE='depmode=gcc3'
CFLAGS='-I  -I/usr/include/SDL -D_GNU_SOURCE=1 -D_REENTRANT -pthread -D_REENTRANT -I/usr/include/gtk-2.0 -I/usr/lib/gtk-2.0/include -I/usr/include/atk-1.0 -I/usr/include/cairo -I/usr/include/pango-1.0 -I/usr/include/gio-unix-2.0/ -I/usr/include/glib-2.0 -I/usr/lib/glib-2.0/include -I/usr/include/pixman-1 -I/usr/include/freetype2 -I/usr/include/directfb -I/usr/include/libpng12  '
CPP='gcc -E'
CPPFLAGS=' -pthread -D_REENTRANT -I/usr/include/gtk-2.0 -I/usr/lib/gtk-2.0/include -I/usr/include/atk-1.0 -I/usr/include/cairo -I/usr/include/pango-1.0 -I/usr/include/gio-unix-2.0/ -I/usr/include/glib-2.0 -I/usr/lib/glib-2.0/include -I/usr/include/pixman-1 -I/usr/include/freetype2 -I/usr/include/directfb -I/usr/include/libpng12  '
CXX='g++'
CXXDEPMODE='depmode=gcc3'
CXXFLAGS='-I  -Wall -I/usr/include/SDL -D_GNU_SOURCE=1 -D_REENTRANT'
CYGPATH_W='echo'
DEFS='-DHAVE_CONFIG_H'
DEPDIR='.deps'
ECHO_C=''
ECHO_N='-n'
ECHO_T=''
EGREP='grep -E'
EXEEXT=''
GMSGFMT='/usr/bin/msgfmt'
GTK_CFLAGS='-pthread -D_REENTRANT -I/usr/include/gtk-2.0 -I/usr/lib/gtk-2.0/include -I/usr/include/atk-1.0 -I/usr/include/cairo -I/usr/include/pango-1.0 -I/usr/include/gio-unix-2.0/ -I/usr/include/glib-2.0 -I/usr/lib/glib-2.0/include -I/usr/include/pixman-1 -I/usr/include/freetype2 -I/usr/include/directfb -I/usr/include/libpng12  '
GTK_LIBS='-pthread -lgtk-x11-2.0 -lgdk-x11-2.0 -latk-1.0 -lgio-2.0 -lpangoft2-1.0 -lgdk_pixbuf-2.0 -lm -lpangocairo-1.0 -lcairo -lpango-1.0 -lfreetype -lfontconfig -lgobject-2.0 -lgmodule-2.0 -lgthread-2.0 -lrt -lglib-2.0  '
GZIP='/bin/gzip'
INSTALL_DATA='${INSTALL} -m 644'
INSTALL_PROGRAM='${INSTALL}'
INSTALL_SCRIPT='${INSTALL}'
INSTALL_STRIP_PROGRAM='${SHELL} $(install_sh) -c -s'
INTLLIBS=''
LDFLAGS='-L/usr/local/lib -L -L${exec_prefix}/lib'
LIBICONV='-liconv'
LIBINTL=''
LIBOBJS=''
LIBS='-lSDL_image -lSDL_mixer -lz -lGLU -lGL -lm -lXi -lXext -lX11 -lICE -lXt  -L/usr/lib -lSDL -pthread -lgtk-x11-2.0 -lgdk-x11-2.0 -latk-1.0 -lgio-2.0 -lpangoft2-1.0 -lgdk_pixbuf-2.0 -lm -lpangocairo-1.0 -lcairo -lpango-1.0 -lfreetype -lfontconfig -lgobject-2.0 -lgmodule-2.0 -lgthread-2.0 -lrt -lglib-2.0  '
LTLIBICONV='-liconv'
LTLIBINTL=''
LTLIBOBJS=''
MAKEINFO='makeinfo'
MKINSTALLDIRS='$(top_builddir)/./mkinstalldirs'
MSGFMT='/usr/bin/msgfmt'
MSGMERGE='/usr/bin/msgmerge'
OBJEXT='o'
PACKAGE='csmash'
PACKAGE_BUGREPORT='nan@utmc.or.jp'
PACKAGE_NAME='csmash'
PACKAGE_STRING='csmash 0.6.6'
PACKAGE_TARNAME='csmash'
PACKAGE_VERSION='0.6.6'
PATH_SEPARATOR=':'
PKGDATA='.gz'
PKG_CONFIG='/usr/bin/pkg-config'
POSUB='po'
SDL_CFLAGS='-I/usr/include/SDL -D_GNU_SOURCE=1 -D_REENTRANT'
SDL_CONFIG='/usr/bin/sdl-config'
SDL_LIBS='-L/usr/lib -lSDL'
SET_MAKE=''
SHELL='/bin/bash'
STRIP=''
USE_NLS='yes'
VERSION='0.6.6'
XGETTEXT='/usr/bin/xgettext'
ac_ct_CC='gcc'
ac_ct_CXX='g++'
ac_ct_STRIP=''
am__fastdepCC_FALSE='#'
am__fastdepCC_TRUE=''
am__fastdepCXX_FALSE='#'
am__fastdepCXX_TRUE=''
am__include='include'
am__leading_dot='.'
am__quote=''
bindir='${exec_prefix}/bin'
build='i686-pc-linux-gnu'
build_alias=''
build_cpu='i686'
build_os='linux-gnu'
build_vendor='pc'
datadir='${prefix}/share'
exec_prefix='${prefix}'
host='i686-pc-linux-gnu'
host_alias=''
host_cpu='i686'
host_os='linux-gnu'
host_vendor='pc'
includedir='${prefix}/include'
infodir='${prefix}/info'
install_sh='/home/jachermocilla/sidespin/install-sh'
libdir='${exec_prefix}/lib'
libexecdir='${exec_prefix}/libexec'
localstatedir='${prefix}/var'
mandir='${prefix}/man'
oldincludedir='/usr/include'
prefix='/usr/local'
program_transform_name='s,x,x,'
sbindir='${exec_prefix}/sbin'
sharedstatedir='${prefix}/com'
sysconfdir='${prefix}/etc'
target='i686-pc-linux-gnu'
target_alias=''
target_cpu='i686'
target_os='linux-gnu'
target_vendor='pc'

## ----------- ##
## confdefs.h. ##
## ----------- ##

#define ENABLE_NLS 1
#define HAVE_BIND_TEXTDOMAIN_CODESET 1
#define HAVE_DCGETTEXT 1
#define HAVE_GETTEXT 1
#define HAVE_INTTYPES_H 1
#define HAVE_LIBGL 1
#define HAVE_LIBGLU 1
#define HAVE_LIBICE 1
#define HAVE_LIBM 1
#define HAVE_LIBSDL_IMAGE 1
#define HAVE_LIBSDL_MIXER 1
#define HAVE_LIBX11 1
#define HAVE_LIBXEXT 1
#define HAVE_LIBXI 1
#define HAVE_LIBXT 1
#define HAVE_LIBZ 1
#define HAVE_MEMORY_H 1
#define HAVE_STDINT_H 1
#define HAVE_STDLIB_H 1
#define HAVE_STRINGS_H 1
#define HAVE_STRING_H 1
#define HAVE_SYS_STAT_H 1
#define HAVE_SYS_TIME_H 1
#define HAVE_SYS_TYPES_H 1
#define HAVE_UNISTD_H 1
#define HAVE_UNISTD_H 1
#define PACKAGE "csmash"
#define PACKAGE_BUGREPORT "nan@utmc.or.jp"
#define PACKAGE_NAME "csmash"
#define PACKAGE_STRING "csmash 0.6.6"
#define PACKAGE_TARNAME "csmash"
#define PACKAGE_VERSION "0.6.6"
#define STDC_HEADERS 1
#define VERSION "0.6.6"
#endif
#ifdef __cplusplus
extern "C" void exit (int) throw ();

configure: exit 0

## ---------------------- ##
## Running config.status. ##
## ---------------------- ##

This file was extended by csmash config.status 0.6.6, which was
generated by GNU Autoconf 2.57.  Invocation command line was

  CONFIG_FILES    = 
  CONFIG_HEADERS  = 
  CONFIG_LINKS    = 
  CONFIG_COMMANDS = 
  $ ./config.status m4/Makefile

on delilah

config.status:712: creating m4/Makefile

## ---------------------- ##
## Running config.status. ##
## ---------------------- ##

This file was extended by csmash config.status 0.6.6, which was
generated by GNU Autoconf 2.57.  Invocation command line was

  CONFIG_FILES    = 
  CONFIG_HEADERS  = 
  CONFIG_LINKS    = 
  CONFIG_COMMANDS = 
  $ ./config.status Parts/Makefile

on delilah

config.status:712: creating Parts/Makefile

## ---------------------- ##
## Running config.status. ##
## ---------------------- ##

This file was extended by csmash config.status 0.6.6, which was
generated by GNU Autoconf 2.57.  Invocation command line was

  CONFIG_FILES    = 
  CONFIG_HEADERS  = 
  CONFIG_LINKS    = 
  CONFIG_COMMANDS = 
  $ ./config.status Parts/Bcut/Makefile

on delilah

config.status:712: creating Parts/Bcut/Makefile

## ---------------------- ##
## Running config.status. ##
## ---------------------- ##

This file was extended by csmash config.status 0.6.6, which was
generated by GNU Autoconf 2.57.  Invocation command line was

  CONFIG_FILES    = 
  CONFIG_HEADERS  = 
  CONFIG_LINKS    = 
  CONFIG_COMMANDS = 
  $ ./config.status Parts/Bnormal/Makefile

on delilah

config.status:712: creating Parts/Bnormal/Makefile

## ---------------------- ##
## Running config.status. ##
## ---------------------- ##

This file was extended by csmash config.status 0.6.6, which was
generated by GNU Autoconf 2.57.  Invocation command line was

  CONFIG_FILES    = 
  CONFIG_HEADERS  = 
  CONFIG_LINKS    = 
  CONFIG_COMMANDS = 
  $ ./config.status Parts/Bpeck/Makefile

on delilah

config.status:712: creating Parts/Bpeck/Makefile

## ---------------------- ##
## Running config.status. ##
## ---------------------- ##

This file was extended by csmash config.status 0.6.6, which was
generated by GNU Autoconf 2.57.  Invocation command line was

  CONFIG_FILES    = 
  CONFIG_HEADERS  = 
  CONFIG_LINKS    = 
  CONFIG_COMMANDS = 
  $ ./config.status Parts/Fcut/Makefile

on delilah

config.status:712: creating Parts/Fcut/Makefile

## ---------------------- ##
## Running config.status. ##
## ---------------------- ##

This file was extended by csmash config.status 0.6.6, which was
generated by GNU Autoconf 2.57.  Invocation command line was

  CONFIG_FILES    = 
  CONFIG_HEADERS  = 
  CONFIG_LINKS    = 
  CONFIG_COMMANDS = 
  $ ./config.status Parts/Fdrive/Makefile

on delilah

config.status:712: creating Parts/Fdrive/Makefile

## ---------------------- ##
## Running config.status. ##
## ---------------------- ##

This file was extended by csmash config.status 0.6.6, which was
generated by GNU Autoconf 2.57.  Invocation command line was

  CONFIG_FILES    = 
  CONFIG_HEADERS  = 
  CONFIG_LINKS    = 
  CONFIG_COMMANDS = 
  $ ./config.status Parts/Fnormal/Makefile

on delilah

config.status:712: creating Parts/Fnormal/Makefile

## ---------------------- ##
## Running config.status. ##
## ---------------------- ##

This file was extended by csmash config.status 0.6.6, which was
generated by GNU Autoconf 2.57.  Invocation command line was

  CONFIG_FILES    = 
  CONFIG_HEADERS  = 
  CONFIG_LINKS    = 
  CONFIG_COMMANDS = 
  $ ./config.status Parts/Fpeck/Makefile

on delilah

config.status:712: creating Parts/Fpeck/Makefile

## ---------------------- ##
## Running config.status. ##
## ---------------------- ##

This file was extended by csmash config.status 0.6.6, which was
generated by GNU Autoconf 2.57.  Invocation command line was

  CONFIG_FILES    = 
  CONFIG_HEADERS  = 
  CONFIG_LINKS    = 
  CONFIG_COMMANDS = 
  $ ./config.status Parts/Fsmash/Makefile

on delilah

config.status:712: creating Parts/Fsmash/Makefile

## ---------------------- ##
## Running config.status. ##
## ---------------------- ##

This file was extended by csmash config.status 0.6.6, which was
generated by GNU Autoconf 2.57.  Invocation command line was

  CONFIG_FILES    = 
  CONFIG_HEADERS  = 
  CONFIG_LINKS    = 
  CONFIG_COMMANDS = 
  $ ./config.status images/Makefile

on delilah

config.status:712: creating images/Makefile

## ---------------------- ##
## Running config.status. ##
## ---------------------- ##

This file was extended by csmash config.status 0.6.6, which was
generated by GNU Autoconf 2.57.  Invocation command line was

  CONFIG_FILES    = 
  CONFIG_HEADERS  = 
  CONFIG_LINKS    = 
  CONFIG_COMMANDS = 
  $ ./config.status wav/Makefile

on delilah

config.status:712: creating wav/Makefile

## ---------------------- ##
## Running config.status. ##
## ---------------------- ##

This file was extended by csmash config.status 0.6.6, which was
generated by GNU Autoconf 2.57.  Invocation command line was

  CONFIG_FILES    = 
  CONFIG_HEADERS  = 
  CONFIG_LINKS    = 
  CONFIG_COMMANDS = 
  $ ./config.status win32/Makefile

on delilah

config.status:712: creating win32/Makefile

## ---------------------- ##
## Running config.status. ##
## ---------------------- ##

This file was extended by csmash config.status 0.6.6, which was
generated by GNU Autoconf 2.57.  Invocation command line was

  CONFIG_FILES    = 
  CONFIG_HEADERS  = 
  CONFIG_LINKS    = 
  CONFIG_COMMANDS = 
  $ ./config.status Makefile depfiles

on delilah

config.status:712: creating Makefile
config.status:1077: executing depfiles commands
